<?xml version="1.0" encoding="UTF-8"?>
<testsuite xmlns:xsi="http://www.w3.org/2001/XMLSchema-instance" xsi:noNamespaceSchemaLocation="https://maven.apache.org/surefire/maven-surefire-plugin/xsd/surefire-test-report.xsd" version="3.0.2" name="fello.miage.services.CompositeCourServiceTest" time="24.703" tests="10" errors="0" skipped="0" failures="0">
  <properties>
[...]
</properties>
  <testcase name="createCour_devraitRefuser_siDateAvantJplus7" classname="fello.miage.services.CompositeCourServiceTest" time="23.671">
    <system-err><![CDATA[Mockito is currently self-attaching to enable the inline-mock-maker. This will no longer work in future releases of the JDK. Please add Mockito as an agent to your build what is described in Mockito's documentation: https://javadoc.io/doc/org.mockito/mockito-core/latest/org/mockito/Mockito.html#0.3
]]></system-err>
  </testcase>
  <testcase name="createCour_casNominal_devraitCreerEtRetournerLeDTO" classname="fello.miage.services.CompositeCourServiceTest" time="0.523"/>
  <testcase name="getCoursByEleve_devraitLancerUserNotFound_siEmailInconnu" classname="fello.miage.services.CompositeCourServiceTest" time="0.116">
    <system-out><![CDATA[13:57:15.561 [main] WARN fello.miage.services.CompositeCourService -- Utilisateur introuvable : inconnu@callme.fr
]]></system-out>
  </testcase>
  <testcase name="createCour_devraitRefuser_siDateNulle" classname="fello.miage.services.CompositeCourServiceTest" time="0.003"/>
  <testcase name="getCoursByEleve_devraitAppelerMsUserPuisMsCoursAvecLeBonNiveau" classname="fello.miage.services.CompositeCourServiceTest" time="0.123"/>
  <testcase name="getCoursByEnseignant_devraitRetournerListeDeDTOs" classname="fello.miage.services.CompositeCourServiceTest" time="0.004"/>
  <testcase name="createCour_devraitRefuser_siEnseignantPasApteAuNiveau" classname="fello.miage.services.CompositeCourServiceTest" time="0.01"/>
  <testcase name="getCoursByEleve_devraitLancerBadRequest_siNiveauNull" classname="fello.miage.services.CompositeCourServiceTest" time="0.003"/>
  <testcase name="createCour_devraitRefuser_siUtilisateurPasEnseignant" classname="fello.miage.services.CompositeCourServiceTest" time="0.003"/>
  <testcase name="createCour_devraitRefuser_siUtilisateurInconnu" classname="fello.miage.services.CompositeCourServiceTest" time="0.005">
    <system-out><![CDATA[13:57:15.774 [main] WARN fello.miage.services.CompositeCourService -- Utilisateur introuvable : alice@callme.fr
]]></system-out>
  </testcase>
</testsuite>